<?xml version="1.0" encoding="UTF-8"?>
<!-- Generated by org.testng.reporters.JUnitReportReporter -->
<testsuite hostname="5CG03254DW" failures="0" tests="1" name="com.blazinchat.BlazingTest" time="11.897" errors="0" timestamp="2023-10-26T07:08:06 BST" skipped="0">
  <testcase classname="com.blazinchat.BlazingTest" name="testOpenLogIn" time="11.897"/>
  <system-out/>
</testsuite> <!-- com.blazinchat.BlazingTest -->
