<?xml version="1.0" encoding="UTF-8"?>
<!-- Generated by org.testng.reporters.JUnitReportReporter -->
<testsuite hostname="5CG03254DW" failures="0" tests="1" name="com.blazinchat.BlazingTest" time="10.356" errors="0" timestamp="2023-10-21T13:24:39 BST" skipped="0">
  <testcase classname="com.blazinchat.BlazingTest" name="testOpenLogIn" time="10.356"/>
  <system-out/>
</testsuite> <!-- com.blazinchat.BlazingTest -->
